[1.384s] Invoking command in '/home/ahmed-elmasry/ws1/src/pkg_1': DEBUGINFOD_URLS=https://debuginfod.ubuntu.com PYTHONPATH=/home/ahmed-elmasry/ws1/src/build/pkg_1/prefix_override:/usr/lib/python3/dist-packages/colcon_core/task/python/colcon_distutils_commands:/home/ahmed-elmasry/ws1/src/install/pkg_1/lib/python3.12/site-packages:${PYTHONPATH} /usr/bin/python3 -W ignore:setup.py install is deprecated setup.py egg_info --egg-base ../build/pkg_1 build --build-base /home/ahmed-elmasry/ws1/src/build/pkg_1/build install --record /home/ahmed-elmasry/ws1/src/build/pkg_1/install.log --single-version-externally-managed install_data
[1.790s] running egg_info
[1.820s] writing ../build/pkg_1/pkg_1.egg-info/PKG-INFO
[1.821s] writing dependency_links to ../build/pkg_1/pkg_1.egg-info/dependency_links.txt
[1.821s] writing entry points to ../build/pkg_1/pkg_1.egg-info/entry_points.txt
[1.821s] writing requirements to ../build/pkg_1/pkg_1.egg-info/requires.txt
[1.821s] writing top-level names to ../build/pkg_1/pkg_1.egg-info/top_level.txt
[1.879s] reading manifest file '../build/pkg_1/pkg_1.egg-info/SOURCES.txt'
[1.880s] writing manifest file '../build/pkg_1/pkg_1.egg-info/SOURCES.txt'
[1.880s] running build
[1.881s] running build_py
[1.881s] copying pkg_1/service.py -> /home/ahmed-elmasry/ws1/src/build/pkg_1/build/lib/pkg_1
[1.881s] running install
[1.893s] running install_lib
[1.921s] copying /home/ahmed-elmasry/ws1/src/build/pkg_1/build/lib/pkg_1/service.py -> /home/ahmed-elmasry/ws1/src/install/pkg_1/lib/python3.12/site-packages/pkg_1
[1.922s] byte-compiling /home/ahmed-elmasry/ws1/src/install/pkg_1/lib/python3.12/site-packages/pkg_1/service.py to service.cpython-312.pyc
[1.923s] running install_data
[1.924s] running install_egg_info
[1.951s] removing '/home/ahmed-elmasry/ws1/src/install/pkg_1/lib/python3.12/site-packages/pkg_1-0.0.0-py3.12.egg-info' (and everything under it)
[1.952s] Copying ../build/pkg_1/pkg_1.egg-info to /home/ahmed-elmasry/ws1/src/install/pkg_1/lib/python3.12/site-packages/pkg_1-0.0.0-py3.12.egg-info
[1.954s] running install_scripts
[2.137s] Installing publisher script to /home/ahmed-elmasry/ws1/src/install/pkg_1/lib/pkg_1
[2.138s] Installing service script to /home/ahmed-elmasry/ws1/src/install/pkg_1/lib/pkg_1
[2.140s] writing list of installed files to '/home/ahmed-elmasry/ws1/src/build/pkg_1/install.log'
[2.195s] Invoked command in '/home/ahmed-elmasry/ws1/src/pkg_1' returned '0': DEBUGINFOD_URLS=https://debuginfod.ubuntu.com PYTHONPATH=/home/ahmed-elmasry/ws1/src/build/pkg_1/prefix_override:/usr/lib/python3/dist-packages/colcon_core/task/python/colcon_distutils_commands:/home/ahmed-elmasry/ws1/src/install/pkg_1/lib/python3.12/site-packages:${PYTHONPATH} /usr/bin/python3 -W ignore:setup.py install is deprecated setup.py egg_info --egg-base ../build/pkg_1 build --build-base /home/ahmed-elmasry/ws1/src/build/pkg_1/build install --record /home/ahmed-elmasry/ws1/src/build/pkg_1/install.log --single-version-externally-managed install_data
