[0.126s] DEBUG:colcon:Command line arguments: ['/usr/bin/colcon', 'build']
[0.127s] DEBUG:colcon:Parsed command line arguments: Namespace(log_base=None, log_level=None, verb_name='build', build_base='build', install_base='install', merge_install=False, symlink_install=False, test_result_base=None, continue_on_error=False, executor='parallel', parallel_workers=4, event_handlers=None, ignore_user_meta=False, metas=['./colcon.meta'], base_paths=['.'], packages_ignore=None, packages_ignore_regex=None, paths=None, packages_up_to=None, packages_up_to_regex=None, packages_above=None, packages_above_and_dependencies=None, packages_above_depth=None, packages_select_by_dep=None, packages_skip_by_dep=None, packages_skip_up_to=None, packages_select_build_failed=False, packages_skip_build_finished=False, packages_select_test_failures=False, packages_skip_test_passed=False, packages_select=None, packages_skip=None, packages_select_regex=None, packages_skip_regex=None, packages_start=None, packages_end=None, cmake_args=None, cmake_target=None, cmake_target_skip_unavailable=False, cmake_clean_cache=False, cmake_clean_first=False, cmake_force_configure=False, ament_cmake_args=None, catkin_cmake_args=None, catkin_skip_building_tests=False, verb_parser=<colcon_defaults.argument_parser.defaults.DefaultArgumentsDecorator object at 0x76d5046f1370>, verb_extension=<colcon_core.verb.build.BuildVerb object at 0x76d50461c7a0>, main=<bound method BuildVerb.main of <colcon_core.verb.build.BuildVerb object at 0x76d50461c7a0>>)
[0.171s] Level 1:colcon.colcon_core.package_discovery:discover_packages(colcon_meta) check parameters
[0.172s] Level 1:colcon.colcon_core.package_discovery:discover_packages(recursive) check parameters
[0.172s] Level 1:colcon.colcon_core.package_discovery:discover_packages(ignore) check parameters
[0.172s] Level 1:colcon.colcon_core.package_discovery:discover_packages(path) check parameters
[0.172s] Level 1:colcon.colcon_core.package_discovery:discover_packages(colcon_meta) discover
[0.172s] Level 1:colcon.colcon_core.package_discovery:discover_packages(recursive) discover
[0.172s] INFO:colcon.colcon_core.package_discovery:Crawling recursively for packages in '/home/ahmed-elmasry/ws1/src'
[0.172s] Level 1:colcon.colcon_core.package_identification:_identify(.) by extensions ['ignore', 'ignore_ament_install']
[0.172s] Level 1:colcon.colcon_core.package_identification:_identify(.) by extension 'ignore'
[0.172s] Level 1:colcon.colcon_core.package_identification:_identify(.) by extension 'ignore_ament_install'
[0.173s] Level 1:colcon.colcon_core.package_identification:_identify(.) by extensions ['colcon_pkg']
[0.173s] Level 1:colcon.colcon_core.package_identification:_identify(.) by extension 'colcon_pkg'
[0.173s] Level 1:colcon.colcon_core.package_identification:_identify(.) by extensions ['colcon_meta']
[0.173s] Level 1:colcon.colcon_core.package_identification:_identify(.) by extension 'colcon_meta'
[0.173s] Level 1:colcon.colcon_core.package_identification:_identify(.) by extensions ['ros']
[0.173s] Level 1:colcon.colcon_core.package_identification:_identify(.) by extension 'ros'
[0.204s] Level 1:colcon.colcon_core.package_identification:_identify(.) by extensions ['cmake', 'python']
[0.204s] Level 1:colcon.colcon_core.package_identification:_identify(.) by extension 'cmake'
[0.204s] Level 1:colcon.colcon_core.package_identification:_identify(.) by extension 'python'
[0.204s] Level 1:colcon.colcon_core.package_identification:_identify(.) by extensions ['python_setup_py']
[0.204s] Level 1:colcon.colcon_core.package_identification:_identify(.) by extension 'python_setup_py'
[0.205s] Level 1:colcon.colcon_core.package_identification:_identify(build) by extensions ['ignore', 'ignore_ament_install']
[0.205s] Level 1:colcon.colcon_core.package_identification:_identify(build) by extension 'ignore'
[0.205s] Level 1:colcon.colcon_core.package_identification:_identify(build) ignored
[0.205s] Level 1:colcon.colcon_core.package_identification:_identify(install) by extensions ['ignore', 'ignore_ament_install']
[0.205s] Level 1:colcon.colcon_core.package_identification:_identify(install) by extension 'ignore'
[0.205s] Level 1:colcon.colcon_core.package_identification:_identify(install) ignored
[0.206s] Level 1:colcon.colcon_core.package_identification:_identify(log) by extensions ['ignore', 'ignore_ament_install']
[0.206s] Level 1:colcon.colcon_core.package_identification:_identify(log) by extension 'ignore'
[0.206s] Level 1:colcon.colcon_core.package_identification:_identify(log) ignored
[0.206s] Level 1:colcon.colcon_core.package_identification:_identify(pkg_1) by extensions ['ignore', 'ignore_ament_install']
[0.206s] Level 1:colcon.colcon_core.package_identification:_identify(pkg_1) by extension 'ignore'
[0.206s] Level 1:colcon.colcon_core.package_identification:_identify(pkg_1) by extension 'ignore_ament_install'
[0.206s] Level 1:colcon.colcon_core.package_identification:_identify(pkg_1) by extensions ['colcon_pkg']
[0.206s] Level 1:colcon.colcon_core.package_identification:_identify(pkg_1) by extension 'colcon_pkg'
[0.207s] Level 1:colcon.colcon_core.package_identification:_identify(pkg_1) by extensions ['colcon_meta']
[0.207s] Level 1:colcon.colcon_core.package_identification:_identify(pkg_1) by extension 'colcon_meta'
[0.207s] Level 1:colcon.colcon_core.package_identification:_identify(pkg_1) by extensions ['ros']
[0.207s] Level 1:colcon.colcon_core.package_identification:_identify(pkg_1) by extension 'ros'
[0.210s] DEBUG:colcon.colcon_core.package_identification:Package 'pkg_1' with type 'ros.ament_python' and name 'pkg_1'
[0.210s] Level 1:colcon.colcon_core.package_discovery:discover_packages(recursive) using defaults
[0.210s] Level 1:colcon.colcon_core.package_discovery:discover_packages(ignore) discover
[0.210s] Level 1:colcon.colcon_core.package_discovery:discover_packages(ignore) using defaults
[0.210s] Level 1:colcon.colcon_core.package_discovery:discover_packages(path) discover
[0.210s] Level 1:colcon.colcon_core.package_discovery:discover_packages(path) using defaults
[0.232s] Level 5:colcon.colcon_core.verb:set package 'pkg_1' build argument 'cmake_args' from command line to 'None'
[0.232s] Level 5:colcon.colcon_core.verb:set package 'pkg_1' build argument 'cmake_target' from command line to 'None'
[0.232s] Level 5:colcon.colcon_core.verb:set package 'pkg_1' build argument 'cmake_target_skip_unavailable' from command line to 'False'
[0.232s] Level 5:colcon.colcon_core.verb:set package 'pkg_1' build argument 'cmake_clean_cache' from command line to 'False'
[0.232s] Level 5:colcon.colcon_core.verb:set package 'pkg_1' build argument 'cmake_clean_first' from command line to 'False'
[0.232s] Level 5:colcon.colcon_core.verb:set package 'pkg_1' build argument 'cmake_force_configure' from command line to 'False'
[0.232s] Level 5:colcon.colcon_core.verb:set package 'pkg_1' build argument 'ament_cmake_args' from command line to 'None'
[0.232s] Level 5:colcon.colcon_core.verb:set package 'pkg_1' build argument 'catkin_cmake_args' from command line to 'None'
[0.232s] Level 5:colcon.colcon_core.verb:set package 'pkg_1' build argument 'catkin_skip_building_tests' from command line to 'False'
[0.233s] DEBUG:colcon.colcon_core.verb:Building package 'pkg_1' with the following arguments: {'ament_cmake_args': None, 'build_base': '/home/ahmed-elmasry/ws1/src/build/pkg_1', 'catkin_cmake_args': None, 'catkin_skip_building_tests': False, 'cmake_args': None, 'cmake_clean_cache': False, 'cmake_clean_first': False, 'cmake_force_configure': False, 'cmake_target': None, 'cmake_target_skip_unavailable': False, 'install_base': '/home/ahmed-elmasry/ws1/src/install/pkg_1', 'merge_install': False, 'path': '/home/ahmed-elmasry/ws1/src/pkg_1', 'symlink_install': False, 'test_result_base': None}
[0.233s] INFO:colcon.colcon_core.executor:Executing jobs using 'parallel' executor
[0.234s] DEBUG:colcon.colcon_parallel_executor.executor.parallel:run_until_complete
[0.234s] INFO:colcon.colcon_ros.task.ament_python.build:Building ROS package in '/home/ahmed-elmasry/ws1/src/pkg_1' with build type 'ament_python'
[0.234s] Level 1:colcon.colcon_core.shell:create_environment_hook('pkg_1', 'ament_prefix_path')
[0.238s] INFO:colcon.colcon_core.plugin_system:Skipping extension 'colcon_core.shell.bat': Not used on non-Windows systems
[0.238s] INFO:colcon.colcon_core.shell:Creating environment descriptor '/home/ahmed-elmasry/ws1/src/install/pkg_1/share/pkg_1/hook/ament_prefix_path.dsv'
[0.239s] INFO:colcon.colcon_core.shell:Creating environment hook '/home/ahmed-elmasry/ws1/src/install/pkg_1/share/pkg_1/hook/ament_prefix_path.sh'
[0.240s] DEBUG:colcon.colcon_core.shell:Skip shell extension 'dsv' for command environment
[0.516s] INFO:colcon.colcon_core.task.python.build:Building Python package in '/home/ahmed-elmasry/ws1/src/pkg_1'
[0.517s] DEBUG:colcon.colcon_core.shell:Skip shell extension 'dsv' for command environment
[1.337s] DEBUG:colcon.colcon_core.event_handler.log_command:Invoking command in '/home/ahmed-elmasry/ws1/src/pkg_1': DEBUGINFOD_URLS=https://debuginfod.ubuntu.com PYTHONPATH=/home/ahmed-elmasry/ws1/src/build/pkg_1/prefix_override:/usr/lib/python3/dist-packages/colcon_core/task/python/colcon_distutils_commands:/home/ahmed-elmasry/ws1/src/install/pkg_1/lib/python3.12/site-packages:${PYTHONPATH} /usr/bin/python3 -W ignore:setup.py install is deprecated setup.py egg_info --egg-base ../build/pkg_1 build --build-base /home/ahmed-elmasry/ws1/src/build/pkg_1/build install --record /home/ahmed-elmasry/ws1/src/build/pkg_1/install.log --single-version-externally-managed install_data
[2.042s] DEBUG:colcon.colcon_core.event_handler.log_command:Invoked command in '/home/ahmed-elmasry/ws1/src/pkg_1' returned '0': DEBUGINFOD_URLS=https://debuginfod.ubuntu.com PYTHONPATH=/home/ahmed-elmasry/ws1/src/build/pkg_1/prefix_override:/usr/lib/python3/dist-packages/colcon_core/task/python/colcon_distutils_commands:/home/ahmed-elmasry/ws1/src/install/pkg_1/lib/python3.12/site-packages:${PYTHONPATH} /usr/bin/python3 -W ignore:setup.py install is deprecated setup.py egg_info --egg-base ../build/pkg_1 build --build-base /home/ahmed-elmasry/ws1/src/build/pkg_1/build install --record /home/ahmed-elmasry/ws1/src/build/pkg_1/install.log --single-version-externally-managed install_data
[2.045s] Level 1:colcon.colcon_core.environment:checking '/home/ahmed-elmasry/ws1/src/install/pkg_1' for CMake module files
[2.046s] Level 1:colcon.colcon_core.environment:checking '/home/ahmed-elmasry/ws1/src/install/pkg_1' for CMake config files
[2.047s] Level 1:colcon.colcon_core.environment:checking '/home/ahmed-elmasry/ws1/src/install/pkg_1/lib'
[2.047s] Level 1:colcon.colcon_core.environment:checking '/home/ahmed-elmasry/ws1/src/install/pkg_1/bin'
[2.047s] Level 1:colcon.colcon_core.environment:checking '/home/ahmed-elmasry/ws1/src/install/pkg_1/lib/pkgconfig/pkg_1.pc'
[2.048s] Level 1:colcon.colcon_core.environment:checking '/home/ahmed-elmasry/ws1/src/install/pkg_1/lib/python3.12/site-packages'
[2.048s] Level 1:colcon.colcon_core.shell:create_environment_hook('pkg_1', 'pythonpath')
[2.048s] INFO:colcon.colcon_core.shell:Creating environment descriptor '/home/ahmed-elmasry/ws1/src/install/pkg_1/share/pkg_1/hook/pythonpath.dsv'
[2.049s] INFO:colcon.colcon_core.shell:Creating environment hook '/home/ahmed-elmasry/ws1/src/install/pkg_1/share/pkg_1/hook/pythonpath.sh'
[2.049s] Level 1:colcon.colcon_core.environment:checking '/home/ahmed-elmasry/ws1/src/install/pkg_1/bin'
[2.049s] Level 1:colcon.colcon_core.environment:create_environment_scripts_only(pkg_1)
[2.050s] INFO:colcon.colcon_core.shell:Creating package descriptor '/home/ahmed-elmasry/ws1/src/install/pkg_1/share/pkg_1/package.dsv'
[2.050s] INFO:colcon.colcon_core.shell:Creating package script '/home/ahmed-elmasry/ws1/src/install/pkg_1/share/pkg_1/package.sh'
[2.051s] INFO:colcon.colcon_core.shell:Creating package script '/home/ahmed-elmasry/ws1/src/install/pkg_1/share/pkg_1/package.bash'
[2.052s] INFO:colcon.colcon_core.shell:Creating package script '/home/ahmed-elmasry/ws1/src/install/pkg_1/share/pkg_1/package.zsh'
[2.053s] Level 1:colcon.colcon_core.environment:create_file_with_runtime_dependencies(/home/ahmed-elmasry/ws1/src/install/pkg_1/share/colcon-core/packages/pkg_1)
[2.053s] DEBUG:colcon.colcon_parallel_executor.executor.parallel:closing loop
[2.054s] DEBUG:colcon.colcon_parallel_executor.executor.parallel:loop closed
[2.054s] DEBUG:colcon.colcon_parallel_executor.executor.parallel:run_until_complete finished with '0'
[2.054s] DEBUG:colcon.colcon_core.event_reactor:joining thread
[2.060s] INFO:colcon.colcon_core.plugin_system:Skipping extension 'colcon_notification.desktop_notification.terminal_notifier': Not used on non-Darwin systems
[2.060s] INFO:colcon.colcon_core.plugin_system:Skipping extension 'colcon_notification.desktop_notification.win32': Not used on non-Windows systems
[2.060s] INFO:colcon.colcon_notification.desktop_notification:Sending desktop notification using 'notify2'
[2.078s] DEBUG:colcon.colcon_core.event_reactor:joined thread
[2.079s] INFO:colcon.colcon_core.shell:Creating prefix script '/home/ahmed-elmasry/ws1/src/install/local_setup.sh'
[2.080s] INFO:colcon.colcon_core.shell:Creating prefix util module '/home/ahmed-elmasry/ws1/src/install/_local_setup_util_sh.py'
[2.081s] INFO:colcon.colcon_core.shell:Creating prefix chain script '/home/ahmed-elmasry/ws1/src/install/setup.sh'
[2.082s] INFO:colcon.colcon_core.shell:Creating prefix script '/home/ahmed-elmasry/ws1/src/install/local_setup.bash'
[2.083s] INFO:colcon.colcon_core.shell:Creating prefix chain script '/home/ahmed-elmasry/ws1/src/install/setup.bash'
[2.084s] INFO:colcon.colcon_core.shell:Creating prefix script '/home/ahmed-elmasry/ws1/src/install/local_setup.zsh'
[2.085s] INFO:colcon.colcon_core.shell:Creating prefix chain script '/home/ahmed-elmasry/ws1/src/install/setup.zsh'
