[1.053s] Invoking command in '/home/ahmed-elmasry/ws1/src/pkg_1': DEBUGINFOD_URLS=https://debuginfod.ubuntu.com PYTHONPATH=/home/ahmed-elmasry/ws1/src/pkg_1/build/pkg_1/prefix_override:/usr/lib/python3/dist-packages/colcon_core/task/python/colcon_distutils_commands:/home/ahmed-elmasry/ws1/src/pkg_1/install/pkg_1/lib/python3.12/site-packages:${PYTHONPATH} /usr/bin/python3 -W ignore:setup.py install is deprecated setup.py egg_info --egg-base build/pkg_1 build --build-base /home/ahmed-elmasry/ws1/src/pkg_1/build/pkg_1/build install --record /home/ahmed-elmasry/ws1/src/pkg_1/build/pkg_1/install.log --single-version-externally-managed install_data
[1.385s] running egg_info
[1.385s] creating build/pkg_1/pkg_1.egg-info
[1.410s] writing build/pkg_1/pkg_1.egg-info/PKG-INFO
[1.410s] writing dependency_links to build/pkg_1/pkg_1.egg-info/dependency_links.txt
[1.411s] writing entry points to build/pkg_1/pkg_1.egg-info/entry_points.txt
[1.411s] writing requirements to build/pkg_1/pkg_1.egg-info/requires.txt
[1.411s] writing top-level names to build/pkg_1/pkg_1.egg-info/top_level.txt
[1.411s] writing manifest file 'build/pkg_1/pkg_1.egg-info/SOURCES.txt'
[1.460s] reading manifest file 'build/pkg_1/pkg_1.egg-info/SOURCES.txt'
[1.461s] writing manifest file 'build/pkg_1/pkg_1.egg-info/SOURCES.txt'
[1.462s] running build
[1.462s] running build_py
[1.462s] creating /home/ahmed-elmasry/ws1/src/pkg_1/build/pkg_1/build
[1.462s] creating /home/ahmed-elmasry/ws1/src/pkg_1/build/pkg_1/build/lib
[1.462s] creating /home/ahmed-elmasry/ws1/src/pkg_1/build/pkg_1/build/lib/pkg_1
[1.462s] copying pkg_1/__init__.py -> /home/ahmed-elmasry/ws1/src/pkg_1/build/pkg_1/build/lib/pkg_1
[1.463s] running install
[1.470s] running install_lib
[1.496s] creating /home/ahmed-elmasry/ws1/src/pkg_1/install/pkg_1/lib/python3.12/site-packages/pkg_1
[1.496s] copying /home/ahmed-elmasry/ws1/src/pkg_1/build/pkg_1/build/lib/pkg_1/__init__.py -> /home/ahmed-elmasry/ws1/src/pkg_1/install/pkg_1/lib/python3.12/site-packages/pkg_1
[1.497s] byte-compiling /home/ahmed-elmasry/ws1/src/pkg_1/install/pkg_1/lib/python3.12/site-packages/pkg_1/__init__.py to __init__.cpython-312.pyc
[1.497s] running install_data
[1.497s] creating /home/ahmed-elmasry/ws1/src/pkg_1/install/pkg_1/share/ament_index
[1.497s] creating /home/ahmed-elmasry/ws1/src/pkg_1/install/pkg_1/share/ament_index/resource_index
[1.498s] creating /home/ahmed-elmasry/ws1/src/pkg_1/install/pkg_1/share/ament_index/resource_index/packages
[1.498s] copying resource/pkg_1 -> /home/ahmed-elmasry/ws1/src/pkg_1/install/pkg_1/share/ament_index/resource_index/packages
[1.498s] copying package.xml -> /home/ahmed-elmasry/ws1/src/pkg_1/install/pkg_1/share/pkg_1
[1.498s] running install_egg_info
[1.525s] Copying build/pkg_1/pkg_1.egg-info to /home/ahmed-elmasry/ws1/src/pkg_1/install/pkg_1/lib/python3.12/site-packages/pkg_1-0.0.0-py3.12.egg-info
[1.526s] running install_scripts
[1.693s] Installing publisher script to /home/ahmed-elmasry/ws1/src/pkg_1/install/pkg_1/lib/pkg_1
[1.693s] writing list of installed files to '/home/ahmed-elmasry/ws1/src/pkg_1/build/pkg_1/install.log'
[1.730s] Invoked command in '/home/ahmed-elmasry/ws1/src/pkg_1' returned '0': DEBUGINFOD_URLS=https://debuginfod.ubuntu.com PYTHONPATH=/home/ahmed-elmasry/ws1/src/pkg_1/build/pkg_1/prefix_override:/usr/lib/python3/dist-packages/colcon_core/task/python/colcon_distutils_commands:/home/ahmed-elmasry/ws1/src/pkg_1/install/pkg_1/lib/python3.12/site-packages:${PYTHONPATH} /usr/bin/python3 -W ignore:setup.py install is deprecated setup.py egg_info --egg-base build/pkg_1 build --build-base /home/ahmed-elmasry/ws1/src/pkg_1/build/pkg_1/build install --record /home/ahmed-elmasry/ws1/src/pkg_1/build/pkg_1/install.log --single-version-externally-managed install_data
