running egg_info
creating ../build/task_1/task_1.egg-info
writing ../build/task_1/task_1.egg-info/PKG-INFO
writing dependency_links to ../build/task_1/task_1.egg-info/dependency_links.txt
writing requirements to ../build/task_1/task_1.egg-info/requires.txt
writing top-level names to ../build/task_1/task_1.egg-info/top_level.txt
writing manifest file '../build/task_1/task_1.egg-info/SOURCES.txt'
reading manifest file '../build/task_1/task_1.egg-info/SOURCES.txt'
writing manifest file '../build/task_1/task_1.egg-info/SOURCES.txt'
running build
running build_py
creating /home/ahmed-elmasry/ws1/src/build/task_1/build
creating /home/ahmed-elmasry/ws1/src/build/task_1/build/lib
creating /home/ahmed-elmasry/ws1/src/build/task_1/build/lib/task_1
copying task_1/__init__.py -> /home/ahmed-elmasry/ws1/src/build/task_1/build/lib/task_1
copying task_1/node_1.py -> /home/ahmed-elmasry/ws1/src/build/task_1/build/lib/task_1
running install
running install_lib
creating /home/ahmed-elmasry/ws1/src/install/task_1/lib/python3.12/site-packages/task_1
copying /home/ahmed-elmasry/ws1/src/build/task_1/build/lib/task_1/__init__.py -> /home/ahmed-elmasry/ws1/src/install/task_1/lib/python3.12/site-packages/task_1
copying /home/ahmed-elmasry/ws1/src/build/task_1/build/lib/task_1/node_1.py -> /home/ahmed-elmasry/ws1/src/install/task_1/lib/python3.12/site-packages/task_1
byte-compiling /home/ahmed-elmasry/ws1/src/install/task_1/lib/python3.12/site-packages/task_1/__init__.py to __init__.cpython-312.pyc
byte-compiling /home/ahmed-elmasry/ws1/src/install/task_1/lib/python3.12/site-packages/task_1/node_1.py to node_1.cpython-312.pyc
running install_data
creating /home/ahmed-elmasry/ws1/src/install/task_1/share/ament_index
creating /home/ahmed-elmasry/ws1/src/install/task_1/share/ament_index/resource_index
creating /home/ahmed-elmasry/ws1/src/install/task_1/share/ament_index/resource_index/packages
copying resource/task_1 -> /home/ahmed-elmasry/ws1/src/install/task_1/share/ament_index/resource_index/packages
copying package.xml -> /home/ahmed-elmasry/ws1/src/install/task_1/share/task_1
running install_egg_info
Copying ../build/task_1/task_1.egg-info to /home/ahmed-elmasry/ws1/src/install/task_1/lib/python3.12/site-packages/task_1-0.0.0-py3.12.egg-info
running install_scripts
writing list of installed files to '/home/ahmed-elmasry/ws1/src/build/task_1/install.log'
